<?xml version="1.0" encoding="UTF-8"?>
<!-- Generated by org.testng.reporters.JUnitReportReporter -->
<testsuite skipped="0" hostname="Livingroom" name="testdemo.TestClass1" tests="3" failures="0" timestamp="2020-02-27T22:29:09 IST" time="0.074" errors="0">
  <testcase name="testCase2" time="0.008" classname="testdemo.TestClass1"/>
  <testcase name="m1" time="0.048" classname="testdemo.TestClass1"/>
  <testcase name="testCase1" time="0.018" classname="testdemo.TestClass1"/>
</testsuite> <!-- testdemo.TestClass1 -->
