<?xml version="1.0" encoding="UTF-8"?>
<!-- Generated by org.testng.reporters.JUnitReportReporter -->
<testsuite skipped="0" hostname="Livingroom" name="testdemo.RegisterTest" tests="1" failures="0" timestamp="2020-02-28T22:11:06 IST" time="0.100" errors="0">
  <testcase name="addUserTest" time="0.100" classname="testdemo.RegisterTest"/>
</testsuite> <!-- testdemo.RegisterTest -->
